0 info it worked if it ends with ok
1 verbose cli [ '/Users/jparsons/.nvm/v0.10.32/bin/node',
1 verbose cli   '/Users/jparsons/.nvm/v0.10.32/bin/npm',
1 verbose cli   'install' ]
2 info using npm@1.4.28
3 info using node@v0.10.32
4 verbose readDependencies using package.json deps
5 verbose install where, deps [ '/web/scribe-plugin-noting',
5 verbose install   [ 'vdom-virtualize',
5 verbose install     'virtual-dom',
5 verbose install     'vtree',
5 verbose install     'virtual-hyperscript',
5 verbose install     'lodash',
5 verbose install     'browserify',
5 verbose install     'chai',
5 verbose install     'highland',
5 verbose install     'http-server',
5 verbose install     'mocha',
5 verbose install     'mversion',
5 verbose install     'plumber',
5 verbose install     'plumber-all',
5 verbose install     'plumber-cli',
5 verbose install     'plumber-glob',
5 verbose install     'plumber-less',
5 verbose install     'plumber-requirejs',
5 verbose install     'plumber-uglifyjs',
5 verbose install     'plumber-write',
5 verbose install     'scribe-test-harness',
5 verbose install     'selenium-webdriver' ] ]
6 info preinstall scribe-plugin-noting@0.2.13
7 warn package.json scribe-test-harness@0.0.6 No description
8 warn package.json scribe-test-harness@0.0.6 No repository field.
9 verbose readDependencies using package.json deps
10 verbose already installed skipping vdom-virtualize@git://github.com/marcelklehr/vdom-virtualize.git#38c9027e35d194502f74455be721ae49fb31621c /web/scribe-plugin-noting
11 verbose already installed skipping virtual-dom@0.0.20 /web/scribe-plugin-noting
12 verbose already installed skipping vtree@0.0.20 /web/scribe-plugin-noting
13 verbose already installed skipping virtual-hyperscript@4.4.0 /web/scribe-plugin-noting
14 verbose already installed skipping lodash@2.4.1 /web/scribe-plugin-noting
15 verbose already installed skipping browserify@^5.0.7 /web/scribe-plugin-noting
16 verbose already installed skipping chai@~1.9.1 /web/scribe-plugin-noting
17 verbose already installed skipping highland@^1.29.0 /web/scribe-plugin-noting
18 verbose already installed skipping http-server@^0.7.1 /web/scribe-plugin-noting
19 verbose already installed skipping mocha@~1.18.2 /web/scribe-plugin-noting
20 verbose already installed skipping mversion@^1.3.0 /web/scribe-plugin-noting
21 verbose already installed skipping plumber@~0.3.0 /web/scribe-plugin-noting
22 verbose already installed skipping plumber-all@~0.3.0 /web/scribe-plugin-noting
23 verbose already installed skipping plumber-cli@~0.3.0 /web/scribe-plugin-noting
24 verbose already installed skipping plumber-glob@~0.3.0 /web/scribe-plugin-noting
25 verbose already installed skipping plumber-less@^0.3.0 /web/scribe-plugin-noting
26 verbose already installed skipping plumber-requirejs@~0.3.0 /web/scribe-plugin-noting
27 verbose already installed skipping plumber-uglifyjs@~0.3.0 /web/scribe-plugin-noting
28 verbose already installed skipping plumber-write@~0.3.0 /web/scribe-plugin-noting
29 verbose already installed skipping scribe-test-harness@~0.0.6 /web/scribe-plugin-noting
30 verbose already installed skipping selenium-webdriver@~2.41.0 /web/scribe-plugin-noting
31 silly resolved []
32 info build /web/scribe-plugin-noting
33 verbose linkStuff [ false, false, false, '/web' ]
34 info linkStuff scribe-plugin-noting@0.2.13
35 verbose linkBins scribe-plugin-noting@0.2.13
36 verbose linkMans scribe-plugin-noting@0.2.13
37 verbose rebuildBundles scribe-plugin-noting@0.2.13
38 verbose rebuildBundles [ '.bin',
38 verbose rebuildBundles   'browserify',
38 verbose rebuildBundles   'chai',
38 verbose rebuildBundles   'highland',
38 verbose rebuildBundles   'http-server',
38 verbose rebuildBundles   'lodash',
38 verbose rebuildBundles   'mocha',
38 verbose rebuildBundles   'mversion',
38 verbose rebuildBundles   'plumber',
38 verbose rebuildBundles   'plumber-all',
38 verbose rebuildBundles   'plumber-cli',
38 verbose rebuildBundles   'plumber-glob',
38 verbose rebuildBundles   'plumber-less',
38 verbose rebuildBundles   'plumber-requirejs',
38 verbose rebuildBundles   'plumber-uglifyjs',
38 verbose rebuildBundles   'plumber-write',
38 verbose rebuildBundles   'scribe-test-harness',
38 verbose rebuildBundles   'selenium-webdriver',
38 verbose rebuildBundles   'vdom-virtualize',
38 verbose rebuildBundles   'virtual-dom',
38 verbose rebuildBundles   'virtual-hyperscript',
38 verbose rebuildBundles   'vtree' ]
39 info install scribe-plugin-noting@0.2.13
40 info postinstall scribe-plugin-noting@0.2.13
41 verbose unsafe-perm in lifecycle true
42 info scribe-plugin-noting@0.2.13 Failed to exec postinstall script
43 error scribe-plugin-noting@0.2.13 postinstall: `./setup.sh`
43 error Exit status 1
44 error Failed at the scribe-plugin-noting@0.2.13 postinstall script.
44 error This is most likely a problem with the scribe-plugin-noting package,
44 error not with npm itself.
44 error Tell the author that this fails on your system:
44 error     ./setup.sh
44 error You can get their info via:
44 error     npm owner ls scribe-plugin-noting
44 error There is likely additional logging output above.
45 error System Darwin 13.4.0
46 error command "/Users/jparsons/.nvm/v0.10.32/bin/node" "/Users/jparsons/.nvm/v0.10.32/bin/npm" "install"
47 error cwd /web/scribe-plugin-noting
48 error node -v v0.10.32
49 error npm -v 1.4.28
50 error code ELIFECYCLE
51 verbose exit [ 1, true ]
